[MON 139911316690624] Inserido: 37 | count=1
[MON 139911308297920] Inserido: 97 | count=2
[MON 139911299905216] Inserido: 57 | count=3
[MON 139911308297920] Inserido: 34 | count=4
[MON 139911316690624] Inserido: 57 | count=5
[MON 139911291512512] Removido: 37 | count=4
[MON 139911283119808] Removido: 97 | count=3
[MON 139911299905216] Inserido: 49 | count=4
[MON 139911308297920] Inserido: 19 | count=5
[MON 139911291512512] Removido: 57 | count=4
[MON 139911283119808] Removido: 34 | count=3
[MON 139911316690624] Inserido: 28 | count=4
[MON 139911299905216] Inserido: 94 | count=5
[MON 139911283119808] Removido: 57 | count=4
[MON 139911308297920] Inserido: 11 | count=5
[MON 139911291512512] Removido: 49 | count=4
[MON 139911316690624] Inserido: 16 | count=5
[MON 139911283119808] Removido: 19 | count=4
[MON 139911299905216] Inserido: 7 | count=5
[MON 139911291512512] Removido: 28 | count=4
[MON 139911308297920] Inserido: 96 | count=5
[MON 139911283119808] Removido: 94 | count=4
[MON 139911316690624] Inserido: 98 | count=5
[MON 139911291512512] Removido: 11 | count=4
[MON 139911299905216] Inserido: 29 | count=5
[MON 139911283119808] Removido: 16 | count=4
[MON 139911308297920] Inserido: 37 | count=5
[MON 139911291512512] Removido: 7 | count=4
[MON 139911316690624] Inserido: 28 | count=5
[MON 139911283119808] Removido: 96 | count=4
[MON 139911299905216] Inserido: 16 | count=5
[MON 139911291512512] Removido: 98 | count=4
[MON 139911308297920] Inserido: 84 | count=5
[MON 139911283119808] Removido: 29 | count=4
[MON 139911291512512] Removido: 37 | count=3

== EXECUCAO FINALIZADA (MON) ==
Itens produzidos: 19
Itens consumidos: 16

=== Metricas ===
Throughput (producao): 0.33
Throughput (consumo):  0.40
Latencia media:        4501.25
Utilizacao do buffer:  90.00
